Arguments: 
  C:\Program Files\nodejs\node.exe C:\Users\Whales\AppData\Roaming\npm\node_modules\yarn\bin\yarn.js add python3-pip

PATH: 
  C:\Program Files (x86)\Common Files\Oracle\Java\javapath;C:\Python310\Scripts\;C:\Python310\;C:\WINDOWS\system32;C:\WINDOWS;C:\WINDOWS\System32\Wbem;C:\WINDOWS\System32\WindowsPowerShell\v1.0\;C:\WINDOWS\System32\OpenSSH\;C:\Program Files\nodejs\;C:\ProgramData\chocolatey\bin;C:\Program Files\Git\cmd;C:\Users\Whales\AppData\Local\Microsoft\WindowsApps;C:\Users\Whales\AppData\Local\Programs\Microsoft VS Code\bin;C:\Users\Whales\AppData\Roaming\npm;C:\Users\Whales\AppData\Local\GitHubDesktop\bin

Yarn version: 
  1.22.19

Node version: 
  16.17.1

Platform: 
  win32 x64

Trace: 
  Error: https://registry.yarnpkg.com/python3-pip: Not found
      at Request.params.callback [as _callback] (C:\Users\Whales\AppData\Roaming\npm\node_modules\yarn\lib\cli.js:66145:18)
      at Request.self.callback (C:\Users\Whales\AppData\Roaming\npm\node_modules\yarn\lib\cli.js:140890:22)
      at Request.emit (node:events:513:28)
      at Request.<anonymous> (C:\Users\Whales\AppData\Roaming\npm\node_modules\yarn\lib\cli.js:141862:10)
      at Request.emit (node:events:513:28)
      at IncomingMessage.<anonymous> (C:\Users\Whales\AppData\Roaming\npm\node_modules\yarn\lib\cli.js:141784:12)
      at Object.onceWrapper (node:events:627:28)
      at IncomingMessage.emit (node:events:525:35)
      at endReadableNT (node:internal/streams/readable:1358:12)
      at processTicksAndRejections (node:internal/process/task_queues:83:21)

npm manifest: 
  {
    "dependencies": {
      "ffmpeg": "^0.0.4",
      "youtube-dl-exec": "^2.1.11"
    }
  }

yarn manifest: 
  No manifest

Lockfile: 
  # THIS IS AN AUTOGENERATED FILE. DO NOT EDIT THIS FILE DIRECTLY.
  # yarn lockfile v1
  
  
  "cross-spawn@^7.0.3":
    "version" "7.0.3"
    dependencies:
      "path-key" "^3.1.0"
      "shebang-command" "^2.0.0"
      "which" "^2.0.1"
  
  "dargs@~7.0.0":
    "integrity" "sha512-2iy1EkLdlBzQGvbweYRFxmFath8+K7+AKB0TlhHWkNuH+TmovaMH/Wp7V7R4u7f4SnX3OgLsU9t1NI9ioDnUpg=="
    "resolved" "https://registry.npmjs.org/dargs/-/dargs-7.0.0.tgz"
    "version" "7.0.0"
  
  "decompress-response@^6.0.0":
    "version" "6.0.0"
    dependencies:
      "mimic-response" "^3.1.0"
  
  "execa@~5.1.0":
    "integrity" "sha512-8uSpZZocAZRBAPIEINJj3Lo9HyGitllczc27Eh5YYojjMFMn8yHMDMaUHE2Jqfq05D/wucwI4JGURyXt1vchyg=="
    "resolved" "https://registry.npmjs.org/execa/-/execa-5.1.1.tgz"
    "version" "5.1.1"
    dependencies:
      "cross-spawn" "^7.0.3"
      "get-stream" "^6.0.0"
      "human-signals" "^2.1.0"
      "is-stream" "^2.0.0"
      "merge-stream" "^2.0.0"
      "npm-run-path" "^4.0.1"
      "onetime" "^5.1.2"
      "signal-exit" "^3.0.3"
      "strip-final-newline" "^2.0.0"
  
  "ffmpeg@^0.0.4":
    "integrity" "sha512-3TgWUJJlZGQn+crJFyhsO/oNeRRnGTy6GhgS98oUCIfZrOW5haPPV7DUfOm3xJcHr5q3TJpjk2GudPutrNisRA=="
    "resolved" "https://registry.npmjs.org/ffmpeg/-/ffmpeg-0.0.4.tgz"
    "version" "0.0.4"
    dependencies:
      "when" ">= 0.0.1"
  
  "get-stream@^6.0.0":
    "version" "6.0.1"
  
  "human-signals@^2.1.0":
    "version" "2.1.0"
  
  "is-stream@^2.0.0":
    "version" "2.0.1"
  
  "is-unix@~2.0.1":
    "integrity" "sha512-5aio7Qef7QKjQxdb52cXAmim9Bh3+y3yc9IA2IsXWwZVlc1rRsJHWtBxNwGBu9KqW7PJCbhepNIkfFdilRkHpQ=="
    "resolved" "https://registry.npmjs.org/is-unix/-/is-unix-2.0.7.tgz"
    "version" "2.0.7"
  
  "isexe@^2.0.0":
    "version" "2.0.0"
  
  "merge-stream@^2.0.0":
    "version" "2.0.0"
  
  "mimic-fn@^2.1.0":
    "version" "2.1.0"
  
  "mimic-response@^3.1.0":
    "version" "3.1.0"
  
  "npm-run-path@^4.0.1":
    "version" "4.0.1"
    dependencies:
      "path-key" "^3.0.0"
  
  "once@^1.3.1":
    "version" "1.4.0"
    dependencies:
      "wrappy" "1"
  
  "onetime@^5.1.2":
    "version" "5.1.2"
    dependencies:
      "mimic-fn" "^2.1.0"
  
  "path-key@^3.0.0":
    "version" "3.1.1"
  
  "path-key@^3.1.0":
    "version" "3.1.1"
  
  "shebang-command@^2.0.0":
    "version" "2.0.0"
    dependencies:
      "shebang-regex" "^3.0.0"
  
  "shebang-regex@^3.0.0":
    "version" "3.0.0"
  
  "signal-exit@^3.0.3":
    "version" "3.0.7"
  
  "simple-concat@^1.0.0":
    "integrity" "sha512-cSFtAPtRhljv69IK0hTVZQ+OfE9nePi/rtJmw5UjHeVyVroEqJXP1sFztKUy1qU+xvz3u/sfYJLa947b7nAN2Q=="
    "resolved" "https://registry.npmjs.org/simple-concat/-/simple-concat-1.0.1.tgz"
    "version" "1.0.1"
  
  "simple-get@~4.0.1":
    "integrity" "sha512-brv7p5WgH0jmQJr1ZDDfKDOSeWWg+OVypG99A/5vYGPqJ6pxiaHLy8nxtFjBA7oMa01ebA9gfh1uMCFqOuXxvA=="
    "resolved" "https://registry.npmjs.org/simple-get/-/simple-get-4.0.1.tgz"
    "version" "4.0.1"
    dependencies:
      "decompress-response" "^6.0.0"
      "once" "^1.3.1"
      "simple-concat" "^1.0.0"
  
  "strip-final-newline@^2.0.0":
    "version" "2.0.0"
  
  "when@>= 0.0.1":
    "integrity" "sha512-5cZ7mecD3eYcMiCH4wtRPA5iFJZ50BJYDfckI5RRpQiktMiYTcn0ccLTZOvcbBume+1304fQztxeNzNS9Gvrnw=="
    "resolved" "https://registry.npmjs.org/when/-/when-3.7.8.tgz"
    "version" "3.7.8"
  
  "which@^2.0.1":
    "version" "2.0.2"
    dependencies:
      "isexe" "^2.0.0"
  
  "wrappy@1":
    "version" "1.0.2"
  
  "youtube-dl-exec@^2.1.11":
    "integrity" "sha512-gHCu0SoXnhFzoX4P/KB2Fvr+DYuR3vpPclbfgoToRBZlR2T3WKom+O+Ae9RdiI7WnxK1LH+Q+2bW0Wm8dQTrbA=="
    "resolved" "https://registry.npmjs.org/youtube-dl-exec/-/youtube-dl-exec-2.1.11.tgz"
    "version" "2.1.11"
    dependencies:
      "dargs" "~7.0.0"
      "execa" "~5.1.0"
      "is-unix" "~2.0.1"
      "simple-get" "~4.0.1"
